"../../../../Documents/Unreal Projects/CubeArena/Content/buttons/left.uasset" 0
"../../../../Documents/Unreal Projects/CubeArena/Content/buttons/info.uasset" 1
"../../../../Documents/Unreal Projects/CubeArena/Content/buttons/right.uasset" 2
"../../../Engine/Content/VREditor/BasicMeshes/T_CleanFloorGrunge_01_D.uasset" 3
"../../../../Documents/Unreal Projects/CubeArena/Content/Materials/floor.uasset" 4
"../../../../Documents/Unreal Projects/CubeArena/Content/particles/Textures/T_Burst_M.uasset" 5
"../../../../Documents/Unreal Projects/CubeArena/Content/particles/Materials/M_Burst.uasset" 6
"../../../../Documents/Unreal Projects/CubeArena/Content/particles/Textures/T_Explosion_SubUV.uasset" 7
"../../../../Documents/Unreal Projects/CubeArena/Content/particles/Materials/M_explosion_subUV.uasset" 8
"../../../../Documents/Unreal Projects/CubeArena/Content/particles/Materials/m_flare_01.uasset" 9
"../../../Engine/Content/Functions/Engine_MaterialFunctions01/Gradient/RadialGradient.uasset" 10
"../../../../Documents/Unreal Projects/CubeArena/Content/particles/Materials/M_radial_ramp.uasset" 11
"../../../../Documents/Unreal Projects/CubeArena/Content/particles/Textures/T_Smoke_SubUV.uasset" 12
"../../../../Documents/Unreal Projects/CubeArena/Content/particles/Textures/T_Smoke_Tiled_D.uasset" 13
"../../../../Documents/Unreal Projects/CubeArena/Content/particles/Materials/M_smoke_subUV.uasset" 14
"../../../../Documents/Unreal Projects/CubeArena/Content/particles/P_Explosion.uasset" 15
"../../../../Documents/Unreal Projects/CubeArena/Content/Blueprint/Widget/BP_AttentionWidget.uasset" 16
"../../../../Documents/Unreal Projects/CubeArena/Content/Blueprint/Widget/BP_InfoPanel.uasset" 17
"../../../../Documents/Unreal Projects/CubeArena/Content/buttons/info1.uasset" 18
"../../../../Documents/Unreal Projects/CubeArena/Content/Blueprint/Widget/BP_Training.uasset" 19
"../../../../Documents/Unreal Projects/CubeArena/Content/Blueprint/Widget/BP_Menu.uasset" 20
"../../../../Documents/Unreal Projects/CubeArena/Content/Materials/BulletMaterial.uasset" 21
"../../../Engine/Content/EngineMaterials/DefaultPhysicalMaterial.uasset" 22
"../../../Engine/Content/BasicShapes/BasicShapeMaterial.uasset" 23
"../../../../Documents/Unreal Projects/CubeArena/Content/Meshes/Cub.uasset" 24
"../../../../Documents/Unreal Projects/CubeArena/Content/Blueprint/BP_Bullet.uasset" 25
"../../../../Documents/Unreal Projects/CubeArena/Content/Materials/BoxMaterial.uasset" 26
"../../../../Documents/Unreal Projects/CubeArena/Content/Meshes/Cube.uasset" 27
"../../../../Documents/Unreal Projects/CubeArena/Content/Blueprint/BP_UserCube.uasset" 28
"../../../../Documents/Unreal Projects/CubeArena/Content/buttons/fire.uasset" 29
"../../../../Documents/Unreal Projects/CubeArena/Content/buttons/fire_pressed.uasset" 30
"../../../../Documents/Unreal Projects/CubeArena/Content/buttons/jump.uasset" 31
"../../../../Documents/Unreal Projects/CubeArena/Content/buttons/jump_pressed.uasset" 32
"../../../../Documents/Unreal Projects/CubeArena/Content/Blueprint/Widget/BP_UserPanel.uasset" 33
"../../../../Documents/Unreal Projects/CubeArena/Content/Blueprint/BP_CubeGameInstance.uasset" 34
"../../../../Documents/Unreal Projects/CubeArena/Content/Blueprint/BP_CubeArenaGameModeBase.uasset" 35
"../../../Engine/Content/EngineMeshes/Sphere.uasset" 36
"../../../Engine/Content/Functions/Engine_MaterialFunctions01/Opacity/CameraDepthFade.uasset" 37
"../../../Engine/Content/EngineMaterials/T_Default_Material_Grid_M.uasset" 38
"../../../Engine/Content/EngineMaterials/T_Default_Material_Grid_N.uasset" 39
"../../../Engine/Content/EngineMaterials/DefaultMaterial.uasset" 40
"../../../Engine/Content/EngineMeshes/Cylinder.uasset" 41
"../../../Engine/Content/EditorLandscapeResources/DataLayer.uasset" 42
"../../../Engine/Content/Maps/Templates/Thumbnails/TimeOfDay.uasset" 43
"../../../Engine/Content/Maps/Templates/Thumbnails/VR-Basic.uasset" 44
"../../../Engine/Content/Maps/Templates/Thumbnails/Default.uasset" 45
"../../../Engine/Content/EngineResources/GradientTexture0.uasset" 46
"../../../Engine/Content/EngineResources/Black.uasset" 47
"../../../Engine/Content/EngineResources/DefaultTexture.uasset" 48
"../../../Engine/Content/EngineResources/DefaultVolumeTexture2D.uasset" 49
"../../../Engine/Content/EngineResources/DefaultVolumeTexture.uasset" 50
"../../../Engine/Content/EngineResources/DefaultTextureCube.uasset" 51
"../../../Engine/Content/EngineFonts/Faces/DroidSansFallback.uasset" 52
"../../../Engine/Content/EngineFonts/Faces/RobotoBold.uasset" 53
"../../../Engine/Content/EngineFonts/Faces/RobotoBoldItalic.uasset" 54
"../../../Engine/Content/EngineFonts/Faces/RobotoItalic.uasset" 55
"../../../Engine/Content/EngineFonts/Faces/RobotoLight.uasset" 56
"../../../Engine/Content/EngineFonts/Faces/RobotoRegular.uasset" 57
"../../../Engine/Content/EngineFonts/Roboto.uasset" 58
"../../../Engine/Content/MobileResources/T_MobileControls_texture.uasset" 59
"../../../Engine/Content/MobileResources/T_MobileMenu2.uasset" 60
"../../../Engine/Content/MobileResources/HUD/MobileHUDButton3.uasset" 61
"../../../Engine/Content/MobileResources/HUD/MobileHUDDirectionPad.uasset" 62
"../../../Engine/Content/MobileResources/HUD/MobileHUDDirectionPad2.uasset" 63
"../../../Engine/Content/MobileResources/HUD/MobileHUDButtonFire.uasset" 64
"../../../Engine/Content/MobileResources/HUD/AnalogHat.uasset" 65
"../../../Engine/Content/MobileResources/HUD/T_Castle_ThumbstickOutter.uasset" 66
"../../../Engine/Content/MobileResources/HUD/MobileHUDDirectionStick.uasset" 67
"../../../Engine/Content/MobileResources/HUD/VirtualJoystick_Background.uasset" 68
"../../../Engine/Content/MobileResources/HUD/VirtualJoystick_Thumb.uasset" 69
"../../../Engine/Content/MobileResources/HUD/DefaultVirtualJoysticks.uasset" 70
"../../../Engine/Content/MobileResources/HUD/MobileHUDButton1_on.uasset" 71
"../../../Engine/Content/MobileResources/HUD/MobileHUDButton2_on.uasset" 72
"../../../Engine/Content/MobileResources/HUD/MobileHUDDirectionPad3.uasset" 73
"../../../Engine/Content/MobileResources/HUD/MobileHUDButton1_off.uasset" 74
"../../../Engine/Content/MobileResources/HUD/MobileHUDButton2_off.uasset" 75
"../../../Engine/Content/MobileResources/HUD/LeftVirtualJoystickOnly.uasset" 76
"../../../Engine/Content/MobileResources/HUD/T_Castle_ThumbstickInner.uasset" 77
"../../../Engine/Content/BasicShapes/Cone.uasset" 78
"../../../Engine/Content/BasicShapes/Sphere.uasset" 79
"../../../Engine/Content/BasicShapes/Cylinder.uasset" 80
"../../../Engine/Content/EngineMaterials/WorldGridMaterial.uasset" 81
"../../../Engine/Content/BasicShapes/Plane.uasset" 82
"../../../Engine/Content/BasicShapes/Cube.uasset" 83
"../../../Engine/Content/Animation/DefaultAnimCurveCompressionSettings.uasset" 84
"../../../Engine/Content/Functions/Engine_MaterialFunctions01/Shading/PowerToRoughness.uasset" 85
"../../../Engine/Content/Functions/Engine_MaterialFunctions01/Shading/ConvertFromDiffSpec.uasset" 86
"../../../Engine/Content/EditorResources/EmptyActor.uasset" 87
"../../../Engine/Content/EditorResources/S_Note.uasset" 88
"../../../Engine/Content/EditorResources/S_Solver.uasset" 89
"../../../Engine/Content/EditorResources/S_Actor.uasset" 90
"../../../Engine/Content/EditorResources/BSPVertex.uasset" 91
"../../../Engine/Content/EditorResources/S_Trigger.uasset" 92
"../../../Engine/Content/EditorResources/LightIcons/S_LightError.uasset" 93
"../../../Engine/Content/EditorResources/SequenceRecorder/RecordingIndicator.uasset" 94
"../../../Engine/Content/EditorResources/SequenceRecorder/Countdown.uasset" 95
"../../../Engine/Content/EditorSounds/Notifications/CompileSuccess.uasset" 96
"../../../Engine/Content/EditorSounds/Notifications/CompileSuccess_Cue.uasset" 97
"../../../Engine/Content/EditorSounds/Notifications/CompileStart_Cue.uasset" 98
"../../../Engine/Content/EditorSounds/Notifications/CompileFailed.uasset" 99
"../../../Engine/Content/EditorSounds/Notifications/CompileFailed_Cue.uasset" 100
"../../../Engine/Content/EditorMaterials/Camera/CineMat.uasset" 101
"../../../Engine/Content/EditorMaterials/Camera/MI_CineMat_Rig.uasset" 102
"../../../Engine/Content/EditorMeshes/Camera/SM_CraneRig_Mount.uasset" 103
"../../../Engine/Content/EditorMeshes/Camera/SM_CraneRig_Base.uasset" 104
"../../../Engine/Content/EditorMeshes/Camera/SM_RailRig_Track.uasset" 105
"../../../Engine/Content/EditorMeshes/Camera/SM_CraneRig_Body.uasset" 106
"../../../Engine/Content/EditorMeshes/Camera/SM_RailRig_Mount.uasset" 107
"../../../Engine/Content/EditorMeshes/Camera/SM_CraneRig_Arm.uasset" 108
"../../../Engine/Content/Tutorial/ContentIntroCurve.uasset" 109
"../../../Engine/Content/Tutorial/Basics/LevelEditorAttract.uasset" 110
"../../../Engine/Content/EngineSounds/Master.uasset" 111
"../../../Engine/Content/ArtTools/RenderToTexture/Meshes/S_1_Unit_Plane.uasset" 112
"../../../Engine/Content/VREditor/LaserPointer/VR_LaserPower_01.uasset" 113
"../../../Engine/Content/VREditor/TransformGizmo/TransformGizmoMaterial.uasset" 114
"../../../Engine/Content/VREditor/TransformGizmo/TranslucentTransformGizmoMaterial.uasset" 115
"../../../Engine/Content/VREditor/TransformGizmo/BoundingBoxCorner.uasset" 116
"../../../Engine/Content/VREditor/TransformGizmo/BoundingBoxEdge.uasset" 117
"../../../Engine/Content/VREditor/TransformGizmo/Main.uasset" 118
"../../../Engine/Content/VREditor/TransformGizmo/Xray.uasset" 119
"../../../Engine/Content/VREditor/TransformGizmo/SM_Sequencer_Node.uasset" 120
"../../../Engine/Content/VREditor/TransformGizmo/PlaneTranslationHandle.uasset" 121
"../../../Engine/Content/VREditor/TransformGizmo/SM_Sequencer_Key.uasset" 122
"../../../Engine/Content/EngineDebugMaterials/DebugEditorMaterial.uasset" 123
"../../../Engine/Content/Functions/Engine_MaterialFunctions02/Utility/CameraDirectionVector.uasset" 124
"../../../Engine/Content/EngineDebugMaterials/VolumeToRender.uasset" 125
"../../../Engine/Content/EngineDebugMaterials/M_VolumeRenderSphereTracePP.uasset" 126
"../../../Engine/Content/EngineDebugMaterials/DebugMeshMaterial.uasset" 127
"../../../Engine/Content/EngineDebugMaterials/WireframeMaterial.uasset" 128
"../../../Engine/Content/EngineDebugMaterials/M_SimpleUnlitTranslucent.uasset" 129
"../../../Engine/Content/EngineMaterials/DefaultLightFunctionMaterial.uasset" 130
"../../../Engine/Content/EngineMaterials/Good64x64TilingNoiseHighFreq.uasset" 131
"../../../Engine/Content/EngineMaterials/DefaultBokeh.uasset" 132
"../../../Engine/Content/EngineMaterials/DefaultWhiteGrid.uasset" 133
"../../../Engine/Content/EngineMaterials/DefaultDiffuse.uasset" 134
"../../../Engine/Content/EngineMaterials/DefaultDeferredDecalMaterial.uasset" 135
"../../../Engine/Content/EngineMaterials/DefaultBloomKernel.uasset" 136
"../../../Engine/Content/EngineResources/WhiteSquareTexture.uasset" 137
"../../../Engine/Content/EngineMaterials/Widget3DPassThrough.uasset" 138
"../../../Engine/Content/EngineMaterials/Widget3DPassThrough_Opaque.uasset" 139
"../../../Engine/Content/EngineMaterials/Widget3DPassThrough_Masked_OneSided.uasset" 140
"../../../Engine/Content/EngineMaterials/WeightMapPlaceholderTexture.uasset" 141
"../../../Engine/Content/EngineMaterials/RemoveSurfaceMaterial.uasset" 142
"../../../Engine/Content/EngineMaterials/Widget3DPassThrough_Translucent.uasset" 143
"../../../Engine/Content/EngineMaterials/Widget3DPassThrough_Translucent_OneSided.uasset" 144
"../../../Engine/Content/EngineMaterials/PreintegratedSkinBRDF.uasset" 145
"../../../Engine/Content/EngineMaterials/MiniFont.uasset" 146
"../../../Engine/Content/EngineMaterials/BlueNoise.uasset" 147
"../../../Engine/Content/EngineMaterials/Widget3DPassThrough_Opaque_OneSided.uasset" 148
"../../../Engine/Content/EngineMaterials/GizmoMaterial.uasset" 149
"../../../Engine/Content/EngineMaterials/DefaultWhiteGrid_Low.uasset" 150
"../../../Engine/Content/EngineMaterials/EmissiveMeshMaterial.uasset" 151
"../../../Engine/Content/EngineMaterials/Widget3DPassThrough_Masked.uasset" 152
"../../../Engine/Content/Functions/Engine_MaterialFunctions02/Utility/BreakOutFloat2Components.uasset" 153
"../../../Engine/Content/EngineMaterials/DefaultPostProcessMaterial.uasset" 154
"../../../Engine/Content/EngineFonts/RobotoDistanceField.uasset" 155
"../../../Engine/Content/EngineMaterials/DefaultTextMaterialOpaque.uasset" 156
"../../../Engine/Content/Functions/Engine_MaterialFunctions02/WorldPositionOffset/CameraOffset.uasset" 157
"../../../Engine/Content/EngineMaterials/PhAT_JointLimitMaterial.uasset" 158
"../../../Engine/Content/EngineMaterials/InvalidLightmapSettings.uasset" 159
"../../../Engine/Content/EngineMaterials/M_InvalidLightmapSettings.uasset" 160
"../../../Engine/Content/EngineMaterials/BaseFlattenDiffuseMap.uasset" 161
"../../../Engine/Content/EngineMaterials/BaseFlattenEmissiveMap.uasset" 162
"../../../Engine/Content/EngineMaterials/BaseFlattenGrayscaleMap.uasset" 163
"../../../Engine/Content/EngineMaterials/BaseFlattenNormalMap.uasset" 164
"../../../Engine/Content/EngineMaterials/BaseFlattenMaterial.uasset" 165
"../../../Engine/Content/EditorMaterials/MAT_Groups_Toggle.uasset" 166
"../../../Engine/Content/EditorMaterials/MAT_Groups_Visibility.uasset" 167
"../../../Engine/Content/EditorMaterials/PreviewShadowIndicator.uasset" 168
"../../../Engine/Content/EditorMaterials/PreviewShadowIndicatorMaterial.uasset" 169
"../../../Engine/Content/EditorMaterials/ParticleSystems/PSysThumbnail_OOD.uasset" 170
"../../../Engine/Content/EditorMaterials/ParticleSystems/PSysThumbnail_NoImage.uasset" 171
"../../../Engine/Content/EditorMaterials/MatineeGroups/MAT_Groups_Director.uasset" 172
"../../../Engine/Content/EditorMaterials/MatineeGroups/MAT_ColorTrack.uasset" 173
"../../../Engine/Content/EditorMaterials/MatineeGroups/MAT_Groups_AudioMaster.uasset" 174
"../../../Engine/Content/EditorMaterials/MatineeGroups/MAT_Groups_Float.uasset" 175
"../../../Engine/Content/EditorMaterials/MatineeGroups/MAT_Groups_Anim.uasset" 176
"../../../Engine/Content/EditorMaterials/MatineeGroups/MAT_Groups_Sound.uasset" 177
"../../../Engine/Content/EditorMaterials/MatineeGroups/MAT_Groups_Fade.uasset" 178
"../../../Engine/Content/EditorMaterials/MatineeGroups/MAT_Groups_Event.uasset" 179
"../../../Engine/Content/EditorMaterials/MatineeGroups/MAT_Groups_Vector.uasset" 180
"../../../Engine/Content/EditorMaterials/MatineeGroups/MAT_Groups_Move.uasset" 181
"../../../Engine/Content/EditorMaterials/MatineeGroups/MAT_Groups_Slomo.uasset" 182
"../../../Engine/Content/EngineDamageTypes/DmgTypeBP_Environmental.uasset" 183
"../../Plugins/FX/Niagara/Content/Enums/ENiagaraOrientationAxis.uasset" 184
"../../Plugins/FX/Niagara/Content/Enums/ENiagaraBooleanLogicOps.uasset" 185
"../../Plugins/FX/Niagara/Content/Enums/ENiagaraCoordinateSpace.uasset" 186
"../../Plugins/FX/Niagara/Content/Enums/ENiagaraRandomnessMode.uasset" 187
"../../Plugins/FX/Niagara/Content/Enums/ENiagaraExpansionMode.uasset" 188
"../../Plugins/2D/Paper2D/Content/PlaceholderTextures/DummySpriteTexture.uasset" 189
"../../Plugins/2D/Paper2D/Content/DefaultSpriteMaterial.uasset" 190
"../../Plugins/2D/Paper2D/Content/OpaqueUnlitSpriteMaterial.uasset" 191
"../../Plugins/2D/Paper2D/Content/MaskedUnlitSpriteMaterial.uasset" 192
"../../Plugins/2D/Paper2D/Content/DummySprite.uasset" 193
"../../Plugins/2D/Paper2D/Content/DefaultPaperTerrainMaterial.uasset" 194
"../../../../Documents/Unreal Projects/CubeArena/Content/Map/MenuMap_BuiltData.uasset" 195
"../../../../Documents/Unreal Projects/CubeArena/Content/Materials/ArenaMaterial.uasset" 196
"../../../Engine/Content/EngineSky/T_Sky_Blue.uasset" 197
"../../../Engine/Content/EngineSky/T_Sky_Clouds_M.uasset" 198
"../../../Engine/Content/EngineSky/T_Sky_Stars.uasset" 199
"../../../Engine/Content/EngineSky/M_Sky_Panning_Clouds2.uasset" 200
"../../../Engine/Content/EngineSky/SM_SkySphere.uasset" 201
"../../../Engine/Content/VREditor/BasicMeshes/M_Floor_01.uasset" 202
"../../../../Documents/Unreal Projects/CubeArena/Content/Meshes/Arena.uasset" 203
"../../../../Documents/Unreal Projects/CubeArena/Content/Meshes/someObjs.uasset" 204
"../../../../Documents/Unreal Projects/CubeArena/Content/Map/MenuMap.umap" 205
"../../../Engine/Content/EditorBlueprintResources/StandardMacros.uasset" 206
"../../../Engine/Content/EngineSky/C_Sky_Cloud_Color.uasset" 207
"../../../Engine/Content/EngineSky/C_Sky_Horizon_Color.uasset" 208
"../../../Engine/Content/EngineSky/C_Sky_Zenith_Color.uasset" 209
"../../../Engine/Content/EngineSky/BP_Sky_Sphere.uasset" 210
"../../../../Documents/Unreal Projects/CubeArena/Content/Blueprint/BP_CubeAIController.uasset" 211
"../../../../Documents/Unreal Projects/CubeArena/Content/Materials/TextSpecial.uasset" 212
"../../../../Documents/Unreal Projects/CubeArena/Content/Materials/TextMaterial.uasset" 213
"../../../../Documents/Unreal Projects/CubeArena/Content/Blueprint/BP_DestructibleCube.uasset" 214
"../../../../Documents/Unreal Projects/CubeArena/Content/Textures/emojies.uasset" 215
"../../../../Documents/Unreal Projects/CubeArena/Content/Materials/EmojiMaterial.uasset" 216
"../../../../Documents/Unreal Projects/CubeArena/Content/Meshes/Face.uasset" 217
"../../../../Documents/Unreal Projects/CubeArena/Content/Blueprint/BP_AICube.uasset" 218
"../../../../Documents/Unreal Projects/CubeArena/Content/Blueprint/BP_BossCubeAIController.uasset" 219
"../../../../Documents/Unreal Projects/CubeArena/Content/Materials/HealMaterial.uasset" 220
"../../../../Documents/Unreal Projects/CubeArena/Content/Meshes/Plus.uasset" 221
"../../../../Documents/Unreal Projects/CubeArena/Content/Blueprint/BP_HealActor.uasset" 222
"../../../Engine/Content/EngineMeshes/Cube.uasset" 223
"../../../../Documents/Unreal Projects/CubeArena/Content/Blueprint/BP_BossCube.uasset" 224
"../../../../Documents/Unreal Projects/CubeArena/Content/Meshes/Coni.uasset" 225
"../../../../Documents/Unreal Projects/CubeArena/Content/Meshes/Ctlinder.uasset" 226
"../../../../Documents/Unreal Projects/CubeArena/Content/Meshes/prisma.uasset" 227
"../../../../Documents/Unreal Projects/CubeArena/Content/Meshes/Sphere.uasset" 228
"../../../../Documents/Unreal Projects/CubeArena/Content/Blueprint/BP_DestructibleObjects.uasset" 229
"../../../../Documents/Unreal Projects/CubeArena/Content/Blueprint/BP_SuicideCubeController.uasset" 230
"../../../Engine/Content/Tutorial/SubEditors/TutorialAssets/T_SmokeSubUV_8X8.uasset" 231
"../../../Engine/Content/Tutorial/SubEditors/TutorialAssets/T_soft_smoke.uasset" 232
"../../../Engine/Content/Tutorial/SubEditors/TutorialAssets/M_smoke_subUV_blackbody.uasset" 233
"../../../Engine/Content/Tutorial/SubEditors/TutorialAssets/TutorialParticleSystem.uasset" 234
"../../../../Documents/Unreal Projects/CubeArena/Content/Blueprint/BP_SuicideCube.uasset" 235
"../../../../Documents/Unreal Projects/CubeArena/Content/Map/Arena_BuiltData.uasset" 236
"../../../../Documents/Unreal Projects/CubeArena/Content/Blueprint/Widget/BP_PausePanel.uasset" 237
"../../../../Documents/Unreal Projects/CubeArena/Content/Map/Arena.umap" 238
"../../../Engine/Content/Maps/Entry_BuiltData.uasset" 239
"../../../Engine/Content/Maps/Entry.umap" 240
